<?xml version="1.0" encoding="UTF-8"?>
<!-- Generated by org.testng.reporters.JUnitReportReporter -->
<testsuite hostname="JITENDRA" failures="0" tests="1" name="com.java.pack.BrowserLaunch" time="51.020" errors="0" timestamp="2024-04-09T18:08:08 IST" skipped="0">
  <testcase classname="com.java.pack.BrowserLaunch" name="m" time="51.020"/>
  <system-out/>
</testsuite> <!-- com.java.pack.BrowserLaunch -->
